<?xml version="1.0" encoding="UTF-8"?>
<testng-results skipped="0" failed="0" total="1" passed="1">
  <reporter-output>
  </reporter-output>
  <suite name="Suite" duration-ms="111802" started-at="2019-11-09T14:09:43Z" finished-at="2019-11-09T14:11:35Z">
    <groups>
    </groups>
    <test name="Test" duration-ms="111802" started-at="2019-11-09T14:09:43Z" finished-at="2019-11-09T14:11:35Z">
      <class name="DriverFactory.DriverScript">
        <test-method status="PASS" signature="startTest()[pri:0, instance:DriverFactory.DriverScript@2fc14f68]" name="startTest" duration-ms="111251" started-at="2019-11-09T19:39:43Z" finished-at="2019-11-09T19:41:34Z">
          <reporter-output>
          </reporter-output>
        </test-method> <!-- startTest -->
      </class> <!-- DriverFactory.DriverScript -->
    </test> <!-- Test -->
  </suite> <!-- Suite -->
</testng-results>
